Using pre-set license
Built from '2021.3/release' branch; Version is '2021.3.17f1 (3e8111cac19d) revision 4096273'; Using compiler version '192829333'; Build Type 'Release'
OS: 'Windows 11  (10.0.22621) 64bit Core' Language: 'cs' Physical Memory: 28524 MB
BatchMode: 1, IsHumanControllingUs: 0, StartBugReporterOnCrash: 0, Is64bit: 1, IsPro: 1

COMMAND LINE ARGUMENTS:
C:\Program Files\Unity\Hub\Editor\2021.3.17f1\Editor\Unity.exe
-adb2
-batchMode
-noUpm
-name
AssetImportWorker2
-projectPath
C:/Users/super/FTTU/Flight to the unknown!
-logFile
Logs/AssetImportWorker2.log
-srvPort
55036
Successfully changed project path to: C:/Users/super/FTTU/Flight to the unknown!
C:/Users/super/FTTU/Flight to the unknown!
[UnityMemory] Configuration Parameters - Can be set up in boot.config
    "memorysetup-bucket-allocator-granularity=16"
    "memorysetup-bucket-allocator-bucket-count=8"
    "memorysetup-bucket-allocator-block-size=33554432"
    "memorysetup-bucket-allocator-block-count=8"
    "memorysetup-main-allocator-block-size=16777216"
    "memorysetup-thread-allocator-block-size=16777216"
    "memorysetup-gfx-main-allocator-block-size=16777216"
    "memorysetup-gfx-thread-allocator-block-size=16777216"
    "memorysetup-cache-allocator-block-size=4194304"
    "memorysetup-typetree-allocator-block-size=2097152"
    "memorysetup-profiler-bucket-allocator-granularity=16"
    "memorysetup-profiler-bucket-allocator-bucket-count=8"
    "memorysetup-profiler-bucket-allocator-block-size=33554432"
    "memorysetup-profiler-bucket-allocator-block-count=8"
    "memorysetup-profiler-allocator-block-size=16777216"
    "memorysetup-profiler-editor-allocator-block-size=1048576"
    "memorysetup-temp-allocator-size-main=16777216"
    "memorysetup-job-temp-allocator-block-size=2097152"
    "memorysetup-job-temp-allocator-block-size-background=1048576"
    "memorysetup-job-temp-allocator-reduction-small-platforms=262144"
    "memorysetup-temp-allocator-size-background-worker=32768"
    "memorysetup-temp-allocator-size-job-worker=262144"
    "memorysetup-temp-allocator-size-preload-manager=33554432"
    "memorysetup-temp-allocator-size-nav-mesh-worker=65536"
    "memorysetup-temp-allocator-size-audio-worker=65536"
    "memorysetup-temp-allocator-size-cloud-worker=32768"
    "memorysetup-temp-allocator-size-gi-baking-worker=262144"
    "memorysetup-temp-allocator-size-gfx=262144"
Player connection [10996] Host "[IP] 192.168.243.243 [Port] 0 [Flags] 2 [Guid] 3572181273 [EditorId] 3572181273 [Version] 1048832 [Id] WindowsEditor(7,NeratoviceDrip) [Debug] 1 [PackageName] WindowsEditor [ProjectName] Editor" joined multi-casting on [225.0.0.222:54997]...

Player connection [10996] Host "[IP] 192.168.243.243 [Port] 0 [Flags] 2 [Guid] 3572181273 [EditorId] 3572181273 [Version] 1048832 [Id] WindowsEditor(7,NeratoviceDrip) [Debug] 1 [PackageName] WindowsEditor [ProjectName] Editor" joined alternative multi-casting on [225.0.0.222:34997]...

Refreshing native plugins compatible for Editor in 29.39 ms, found 2 plugins.
Preloading 0 native plugins for Editor in 0.00 ms.
Initialize engine version: 2021.3.17f1 (3e8111cac19d)
[Subsystems] Discovering subsystems at path C:/Program Files/Unity/Hub/Editor/2021.3.17f1/Editor/Data/Resources/UnitySubsystems
[Subsystems] Discovering subsystems at path C:/Users/super/FTTU/Flight to the unknown!/Assets
GfxDevice: creating device client; threaded=0; jobified=0
Direct3D:
    Version:  Direct3D 11.0 [level 11.1]
    Renderer: NVIDIA GeForce RTX 3070 Laptop GPU (ID=0x24dd)
    Vendor:   NVIDIA
    VRAM:     8044 MB
    Driver:   30.0.15.1236
Initialize mono
Mono path[0] = 'C:/Program Files/Unity/Hub/Editor/2021.3.17f1/Editor/Data/Managed'
Mono path[1] = 'C:/Program Files/Unity/Hub/Editor/2021.3.17f1/Editor/Data/MonoBleedingEdge/lib/mono/unityjit-win32'
Mono config path = 'C:/Program Files/Unity/Hub/Editor/2021.3.17f1/Editor/Data/MonoBleedingEdge/etc'
Using monoOptions --debugger-agent=transport=dt_socket,embedding=1,server=y,suspend=n,address=127.0.0.1:56268
Begin MonoManager ReloadAssembly
Registering precompiled unity dll's ...
Register platform support module: C:/Program Files/Unity/Hub/Editor/2021.3.17f1/Editor/Data/PlaybackEngines/WebGLSupport/UnityEditor.WebGL.Extensions.dll
Register platform support module: C:/Program Files/Unity/Hub/Editor/2021.3.17f1/Editor/Data/PlaybackEngines/WindowsStandaloneSupport/UnityEditor.WindowsStandalone.Extensions.dll
Registered in 0.005091 seconds.
Native extension for WindowsStandalone target not found
Native extension for WebGL target not found
Refreshing native plugins compatible for Editor in 23.10 ms, found 2 plugins.
Preloading 0 native plugins for Editor in 0.00 ms.
Mono: successfully reloaded assembly
- Completed reload, in  0.464 seconds
Domain Reload Profiling:
	ReloadAssembly (464ms)
		BeginReloadAssembly (59ms)
			ExecutionOrderSort (0ms)
			DisableScriptedObjects (0ms)
			BackupInstance (0ms)
			ReleaseScriptingObjects (0ms)
			CreateAndSetChildDomain (1ms)
		EndReloadAssembly (318ms)
			LoadAssemblies (58ms)
			RebuildTransferFunctionScriptingTraits (0ms)
			SetupTypeCache (77ms)
			ReleaseScriptCaches (0ms)
			RebuildScriptCaches (20ms)
			SetupLoadedEditorAssemblies (180ms)
				LogAssemblyErrors (0ms)
				InitializePlatformSupportModulesInManaged (7ms)
				SetLoadedEditorAssemblies (0ms)
				RefreshPlugins (23ms)
				BeforeProcessingInitializeOnLoad (1ms)
				ProcessInitializeOnLoadAttributes (113ms)
				ProcessInitializeOnLoadMethodAttributes (35ms)
				AfterProcessingInitializeOnLoad (0ms)
				EditorAssembliesLoaded (0ms)
			ExecutionOrderSort2 (0ms)
			AwakeInstancesAfterBackupRestoration (0ms)
Platform modules already initialized, skipping
Registering precompiled user dll's ...
Registered in 0.003494 seconds.
Begin MonoManager ReloadAssembly
Native extension for WindowsStandalone target not found
Native extension for WebGL target not found
Refreshing native plugins compatible for Editor in 0.37 ms, found 2 plugins.
Preloading 0 native plugins for Editor in 0.00 ms.
Mono: successfully reloaded assembly
- Completed reload, in  0.724 seconds
Domain Reload Profiling:
	ReloadAssembly (725ms)
		BeginReloadAssembly (89ms)
			ExecutionOrderSort (0ms)
			DisableScriptedObjects (5ms)
			BackupInstance (0ms)
			ReleaseScriptingObjects (0ms)
			CreateAndSetChildDomain (16ms)
		EndReloadAssembly (545ms)
			LoadAssemblies (59ms)
			RebuildTransferFunctionScriptingTraits (0ms)
			SetupTypeCache (134ms)
			ReleaseScriptCaches (0ms)
			RebuildScriptCaches (40ms)
			SetupLoadedEditorAssemblies (283ms)
				LogAssemblyErrors (0ms)
				InitializePlatformSupportModulesInManaged (6ms)
				SetLoadedEditorAssemblies (0ms)
				RefreshPlugins (0ms)
				BeforeProcessingInitializeOnLoad (50ms)
				ProcessInitializeOnLoadAttributes (198ms)
				ProcessInitializeOnLoadMethodAttributes (21ms)
				AfterProcessingInitializeOnLoad (7ms)
				EditorAssembliesLoaded (0ms)
			ExecutionOrderSort2 (0ms)
			AwakeInstancesAfterBackupRestoration (5ms)
Platform modules already initialized, skipping
========================================================================
Worker process is ready to serve import requests
Launched and connected shader compiler UnityShaderCompiler.exe after 0.04 seconds
Refreshing native plugins compatible for Editor in 0.36 ms, found 2 plugins.
Preloading 0 native plugins for Editor in 0.00 ms.
Unloading 1876 Unused Serialized files (Serialized files now loaded: 0)
Unloading 31 unused Assets / (103.0 KB). Loaded Objects now: 2364.
Memory consumption went from 99.8 MB to 99.7 MB.
Total: 2.583900 ms (FindLiveObjects: 0.141000 ms CreateObjectMapping: 0.058800 ms MarkObjects: 2.343400 ms  DeleteObjects: 0.039700 ms)

AssetImportParameters requested are different than current active one (requested -> active):
  custom:video-decoder-ogg-theora: a1e56fd34408186e4bbccfd4996cb3dc -> 
  custom:container-muxer-webm: aa71ff27fc2769a1b78a27578f13a17b -> 
  custom:container-demuxer-webm: 4f35f7cbe854078d1ac9338744f61a02 -> 
  custom:video-encoder-webm-vp8: eb34c28f22e8b96e1ab97ce403110664 -> 
  custom:video-codec-MediaFoundation-h265: 746d11721c4dcdbdad8f713fa42b33f4 -> 
  custom:audio-encoder-webm-vorbis: bf7c407c2cedff20999df2af8eb42d56 -> 
  custom:framework-win-MediaFoundation: 216162199b28c13a410421893ffa2e32 -> 
  custom:container-demuxer-ogg: 62fdf1f143b41e24485cea50d1cbac27 -> 
  custom:video-decoder-webm-vp8: 9c59270c3fd7afecdb556c50c9e8de78 -> 
  custom:audio-decoder-ogg-vorbis: bf7c407c2cedff20999df2af8eb42d56 -> 
========================================================================
Received Import Request.
  Time since last request: 4596.661310 seconds.
  path: Assets/Prefabs/Player.prefab
  artifactKey: Guid(d9c88cd9019c594408fb8a76eb403269) Importer(815301076,1909f56bfc062723c751e8b465ee728b)
Start importing Assets/Prefabs/Player.prefab using Guid(d9c88cd9019c594408fb8a76eb403269) Importer(815301076,1909f56bfc062723c751e8b465ee728b)  -> (artifact id: '4e40428ed222289192f5e7894c9f214a') in 0.121325 seconds 
========================================================================
Received Import Request.
  Time since last request: 7.719258 seconds.
  path: Assets/Prefabs/Player.prefab
  artifactKey: Guid(d9c88cd9019c594408fb8a76eb403269) Importer(815301076,1909f56bfc062723c751e8b465ee728b)
Start importing Assets/Prefabs/Player.prefab using Guid(d9c88cd9019c594408fb8a76eb403269) Importer(815301076,1909f56bfc062723c751e8b465ee728b)  -> (artifact id: '5f779f56bd99b1d13e3cd9b6d4067ea3') in 0.013516 seconds 
========================================================================
Received Import Request.
  Time since last request: 0.570811 seconds.
  path: Assets/Prefabs/Player.prefab
  artifactKey: Guid(d9c88cd9019c594408fb8a76eb403269) Importer(815301076,1909f56bfc062723c751e8b465ee728b)
Start importing Assets/Prefabs/Player.prefab using Guid(d9c88cd9019c594408fb8a76eb403269) Importer(815301076,1909f56bfc062723c751e8b465ee728b)  -> (artifact id: 'f6e6a3e6f2078f88a0a172e5fddaa9ec') in 0.014689 seconds 
========================================================================
Received Import Request.
  Time since last request: 0.401387 seconds.
  path: Assets/Prefabs/Player.prefab
  artifactKey: Guid(d9c88cd9019c594408fb8a76eb403269) Importer(815301076,1909f56bfc062723c751e8b465ee728b)
Start importing Assets/Prefabs/Player.prefab using Guid(d9c88cd9019c594408fb8a76eb403269) Importer(815301076,1909f56bfc062723c751e8b465ee728b)  -> (artifact id: '6a7e1f8248863d53edf566971f400db7') in 0.012489 seconds 
========================================================================
Received Import Request.
  Time since last request: 43.960152 seconds.
  path: Assets/Prefabs/Obstacle.prefab
  artifactKey: Guid(c57ed2dbb2dacfe42bd1b29e40f9314f) Importer(815301076,1909f56bfc062723c751e8b465ee728b)
Start importing Assets/Prefabs/Obstacle.prefab using Guid(c57ed2dbb2dacfe42bd1b29e40f9314f) Importer(815301076,1909f56bfc062723c751e8b465ee728b)  -> (artifact id: '8abb076f505b4dae5b8051097a65f6c3') in 0.007474 seconds 
========================================================================
Received Import Request.
  Time since last request: 2.004854 seconds.
  path: Assets/Prefabs/Obstacle.prefab
  artifactKey: Guid(c57ed2dbb2dacfe42bd1b29e40f9314f) Importer(815301076,1909f56bfc062723c751e8b465ee728b)
Start importing Assets/Prefabs/Obstacle.prefab using Guid(c57ed2dbb2dacfe42bd1b29e40f9314f) Importer(815301076,1909f56bfc062723c751e8b465ee728b)  -> (artifact id: '398c94040b88fc07e3afa1ed0db73ed3') in 0.008687 seconds 
========================================================================
Received Import Request.
  Time since last request: 2.006176 seconds.
  path: Assets/Prefabs/Obstacle.prefab
  artifactKey: Guid(c57ed2dbb2dacfe42bd1b29e40f9314f) Importer(815301076,1909f56bfc062723c751e8b465ee728b)
Start importing Assets/Prefabs/Obstacle.prefab using Guid(c57ed2dbb2dacfe42bd1b29e40f9314f) Importer(815301076,1909f56bfc062723c751e8b465ee728b)  -> (artifact id: '7928e1f0bf44581b3a41f686a6b616a4') in 0.009228 seconds 
========================================================================
Received Import Request.
  Time since last request: 47.247969 seconds.
  path: Assets/Prefabs/Obstacle.prefab
  artifactKey: Guid(c57ed2dbb2dacfe42bd1b29e40f9314f) Importer(815301076,1909f56bfc062723c751e8b465ee728b)
Start importing Assets/Prefabs/Obstacle.prefab using Guid(c57ed2dbb2dacfe42bd1b29e40f9314f) Importer(815301076,1909f56bfc062723c751e8b465ee728b)  -> (artifact id: '2b7992d6fde0ca6c6e3beb5f38a3bab2') in 0.008401 seconds 
========================================================================
Received Import Request.
  Time since last request: 14.908199 seconds.
  path: Assets/Scripts/PauseMenu.cs
  artifactKey: Guid(d7eb226add074444596fee3789342dcc) Importer(815301076,1909f56bfc062723c751e8b465ee728b)
Start importing Assets/Scripts/PauseMenu.cs using Guid(d7eb226add074444596fee3789342dcc) Importer(815301076,1909f56bfc062723c751e8b465ee728b)  -> (artifact id: '5a1fac286bc0e40f4573fc75475da19b') in 0.005695 seconds 
========================================================================
Received Import Request.
  Time since last request: 0.802856 seconds.
  path: Assets/Scripts/ColisionSkip.cs
  artifactKey: Guid(d6bc0a18a0979994ea41a7c08931186d) Importer(815301076,1909f56bfc062723c751e8b465ee728b)
Start importing Assets/Scripts/ColisionSkip.cs using Guid(d6bc0a18a0979994ea41a7c08931186d) Importer(815301076,1909f56bfc062723c751e8b465ee728b)  -> (artifact id: '72974f275ae07bd248d810d81dee7395') in 0.001422 seconds 
========================================================================
Received Import Request.
  Time since last request: 7.332633 seconds.
  path: Assets/Scripts/ColisionLog.cs
  artifactKey: Guid(8a92dc321e6997549b857febc9d60c22) Importer(815301076,1909f56bfc062723c751e8b465ee728b)
Start importing Assets/Scripts/ColisionLog.cs using Guid(8a92dc321e6997549b857febc9d60c22) Importer(815301076,1909f56bfc062723c751e8b465ee728b)  -> (artifact id: '34f04c5f34751bb43df01e81f6e56cf8') in 0.001456 seconds 
========================================================================
Received Import Request.
  Time since last request: 4.908524 seconds.
  path: Assets/Scripts/Movement.cs
  artifactKey: Guid(c61663df05f65cb43ae7b4b1a4adc5b8) Importer(815301076,1909f56bfc062723c751e8b465ee728b)
Start importing Assets/Scripts/Movement.cs using Guid(c61663df05f65cb43ae7b4b1a4adc5b8) Importer(815301076,1909f56bfc062723c751e8b465ee728b)  -> (artifact id: '73e7a1ab3e1b40529bd6dc3d2b8d8af3') in 0.001415 seconds 
========================================================================
Received Import Request.
  Time since last request: 0.451575 seconds.
  path: Assets/Scripts/Menu.cs
  artifactKey: Guid(8ba27d1c18c08af47ac5fd4d304bd629) Importer(815301076,1909f56bfc062723c751e8b465ee728b)
Start importing Assets/Scripts/Menu.cs using Guid(8ba27d1c18c08af47ac5fd4d304bd629) Importer(815301076,1909f56bfc062723c751e8b465ee728b)  -> (artifact id: '608b56da59711ac4311c3ba206781b28') in 0.001636 seconds 
========================================================================
Received Import Request.
  Time since last request: 0.428406 seconds.
  path: Assets/Scripts/DeathManager.cs
  artifactKey: Guid(e496f9c9ffbfa1d4ca911f3ab174fa30) Importer(815301076,1909f56bfc062723c751e8b465ee728b)
Start importing Assets/Scripts/DeathManager.cs using Guid(e496f9c9ffbfa1d4ca911f3ab174fa30) Importer(815301076,1909f56bfc062723c751e8b465ee728b)  -> (artifact id: '564da63d71e8a3660adefa8edc5f2c10') in 0.001466 seconds 
========================================================================
Received Import Request.
  Time since last request: 145.234684 seconds.
  path: Assets/Scenes/Under.unity
  artifactKey: Guid(404ff3a78e2075a449685d269f57496d) Importer(815301076,1909f56bfc062723c751e8b465ee728b)
Start importing Assets/Scenes/Under.unity using Guid(404ff3a78e2075a449685d269f57496d) Importer(815301076,1909f56bfc062723c751e8b465ee728b)  -> (artifact id: 'f3723816f0936d009681de1cf6e91ece') in 0.001533 seconds 
========================================================================
Received Import Request.
  Time since last request: 2.268530 seconds.
  path: Assets/Scenes/Pre Boss.unity
  artifactKey: Guid(57339dca212ef34448f8195050567744) Importer(815301076,1909f56bfc062723c751e8b465ee728b)
Start importing Assets/Scenes/Pre Boss.unity using Guid(57339dca212ef34448f8195050567744) Importer(815301076,1909f56bfc062723c751e8b465ee728b)  -> (artifact id: '1ec1a88211a50b02f530841d903da338') in 0.001493 seconds 
========================================================================
Received Import Request.
  Time since last request: 2.379868 seconds.
  path: Assets/Scenes/Boss.unity
  artifactKey: Guid(912bbc97185d1e34ebf8496d11c6cabf) Importer(815301076,1909f56bfc062723c751e8b465ee728b)
Start importing Assets/Scenes/Boss.unity using Guid(912bbc97185d1e34ebf8496d11c6cabf) Importer(815301076,1909f56bfc062723c751e8b465ee728b)  -> (artifact id: 'ba4d3c84b8e70d06bafec4e2dba574ac') in 0.001578 seconds 
========================================================================
Received Import Request.
  Time since last request: 1.652533 seconds.
  path: Assets/Scenes/FilipWon.unity
  artifactKey: Guid(05123a12c1e180049ad0849631661b5f) Importer(815301076,1909f56bfc062723c751e8b465ee728b)
Start importing Assets/Scenes/FilipWon.unity using Guid(05123a12c1e180049ad0849631661b5f) Importer(815301076,1909f56bfc062723c751e8b465ee728b)  -> (artifact id: '4f0d294d8f721f23f05bdf4fbfc39079') in 0.001398 seconds 
========================================================================
Received Import Request.
  Time since last request: 0.675960 seconds.
  path: Assets/Scenes/Maze.unity
  artifactKey: Guid(f29b90577cf27db45aa8e660174283db) Importer(815301076,1909f56bfc062723c751e8b465ee728b)
Start importing Assets/Scenes/Maze.unity using Guid(f29b90577cf27db45aa8e660174283db) Importer(815301076,1909f56bfc062723c751e8b465ee728b)  -> (artifact id: '4688db1699850340ab12be8d2b0f9891') in 0.001414 seconds 
========================================================================
Received Import Request.
  Time since last request: 0.980334 seconds.
  path: Assets/Scenes/Medium RARE.unity
  artifactKey: Guid(3bb2f13c5a48c1c43970ee3c12d33d54) Importer(815301076,1909f56bfc062723c751e8b465ee728b)
Start importing Assets/Scenes/Medium RARE.unity using Guid(3bb2f13c5a48c1c43970ee3c12d33d54) Importer(815301076,1909f56bfc062723c751e8b465ee728b)  -> (artifact id: 'e01315fe2f0589eb79f9b05c76665e02') in 0.001399 seconds 
========================================================================
Received Import Request.
  Time since last request: 17.505641 seconds.
  path: Assets/Scenes/Medium RARE 1.unity
  artifactKey: Guid(7b74ceb579dbd274c8bb17765752efee) Importer(815301076,1909f56bfc062723c751e8b465ee728b)
Start importing Assets/Scenes/Medium RARE 1.unity using Guid(7b74ceb579dbd274c8bb17765752efee) Importer(815301076,1909f56bfc062723c751e8b465ee728b)  -> (artifact id: '9ad4081612c5e8f3c8507085edc03c82') in 0.001386 seconds 
========================================================================
Received Import Request.
  Time since last request: 24.346927 seconds.
  path: Assets/Scenes/Legendary.unity
  artifactKey: Guid(7b74ceb579dbd274c8bb17765752efee) Importer(815301076,1909f56bfc062723c751e8b465ee728b)
Start importing Assets/Scenes/Legendary.unity using Guid(7b74ceb579dbd274c8bb17765752efee) Importer(815301076,1909f56bfc062723c751e8b465ee728b)  -> (artifact id: '1ab824ac0974b6506082fca3513e3ef1') in 0.001623 seconds 
========================================================================
Received Import Request.
  Time since last request: 340.493394 seconds.
  path: Assets/Scripts/MazeGen.cs
  artifactKey: Guid(4cfacb3939a9f9d4cba82dd3728472c2) Importer(815301076,1909f56bfc062723c751e8b465ee728b)
Start importing Assets/Scripts/MazeGen.cs using Guid(4cfacb3939a9f9d4cba82dd3728472c2) Importer(815301076,1909f56bfc062723c751e8b465ee728b)  -> (artifact id: 'ac5382e29f7b67cbff03576385f381d5') in 0.001722 seconds 
========================================================================
Received Prepare
Registering precompiled user dll's ...
Registered in 0.003150 seconds.
Begin MonoManager ReloadAssembly
Native extension for WindowsStandalone target not found
Native extension for WebGL target not found
Refreshing native plugins compatible for Editor in 0.38 ms, found 2 plugins.
Preloading 0 native plugins for Editor in 0.00 ms.
Mono: successfully reloaded assembly
- Completed reload, in  0.839 seconds
Domain Reload Profiling:
	ReloadAssembly (840ms)
		BeginReloadAssembly (114ms)
			ExecutionOrderSort (0ms)
			DisableScriptedObjects (4ms)
			BackupInstance (0ms)
			ReleaseScriptingObjects (0ms)
			CreateAndSetChildDomain (37ms)
		EndReloadAssembly (633ms)
			LoadAssemblies (65ms)
			RebuildTransferFunctionScriptingTraits (0ms)
			SetupTypeCache (183ms)
			ReleaseScriptCaches (1ms)
			RebuildScriptCaches (33ms)
			SetupLoadedEditorAssemblies (309ms)
				LogAssemblyErrors (0ms)
				InitializePlatformSupportModulesInManaged (13ms)
				SetLoadedEditorAssemblies (0ms)
				RefreshPlugins (0ms)
				BeforeProcessingInitializeOnLoad (49ms)
				ProcessInitializeOnLoadAttributes (218ms)
				ProcessInitializeOnLoadMethodAttributes (20ms)
				AfterProcessingInitializeOnLoad (7ms)
				EditorAssembliesLoaded (0ms)
			ExecutionOrderSort2 (0ms)
			AwakeInstancesAfterBackupRestoration (7ms)
Platform modules already initialized, skipping
Refreshing native plugins compatible for Editor in 2.39 ms, found 2 plugins.
Preloading 0 native plugins for Editor in 0.00 ms.
Unloading 1858 Unused Serialized files (Serialized files now loaded: 0)
Unloading 13 unused Assets / (95.4 KB). Loaded Objects now: 2390.
Memory consumption went from 102.0 MB to 101.9 MB.
Total: 3.604900 ms (FindLiveObjects: 0.241700 ms CreateObjectMapping: 0.135600 ms MarkObjects: 3.176600 ms  DeleteObjects: 0.049800 ms)

AssetImportParameters requested are different than current active one (requested -> active):
  custom:video-decoder-ogg-theora: a1e56fd34408186e4bbccfd4996cb3dc -> 
  custom:container-muxer-webm: aa71ff27fc2769a1b78a27578f13a17b -> 
  custom:container-demuxer-webm: 4f35f7cbe854078d1ac9338744f61a02 -> 
  custom:video-encoder-webm-vp8: eb34c28f22e8b96e1ab97ce403110664 -> 
  custom:video-codec-MediaFoundation-h265: 746d11721c4dcdbdad8f713fa42b33f4 -> 
  custom:audio-encoder-webm-vorbis: bf7c407c2cedff20999df2af8eb42d56 -> 
  custom:framework-win-MediaFoundation: 216162199b28c13a410421893ffa2e32 -> 
  custom:container-demuxer-ogg: 62fdf1f143b41e24485cea50d1cbac27 -> 
  custom:video-decoder-webm-vp8: 9c59270c3fd7afecdb556c50c9e8de78 -> 
  custom:audio-decoder-ogg-vorbis: bf7c407c2cedff20999df2af8eb42d56 -> 
========================================================================
Received Prepare
Registering precompiled user dll's ...
Registered in 0.003082 seconds.
Begin MonoManager ReloadAssembly
Native extension for WindowsStandalone target not found
Native extension for WebGL target not found
Refreshing native plugins compatible for Editor in 0.72 ms, found 2 plugins.
Preloading 0 native plugins for Editor in 0.00 ms.
Mono: successfully reloaded assembly
- Completed reload, in  0.759 seconds
Domain Reload Profiling:
	ReloadAssembly (760ms)
		BeginReloadAssembly (112ms)
			ExecutionOrderSort (0ms)
			DisableScriptedObjects (4ms)
			BackupInstance (0ms)
			ReleaseScriptingObjects (0ms)
			CreateAndSetChildDomain (33ms)
		EndReloadAssembly (568ms)
			LoadAssemblies (63ms)
			RebuildTransferFunctionScriptingTraits (0ms)
			SetupTypeCache (150ms)
			ReleaseScriptCaches (1ms)
			RebuildScriptCaches (35ms)
			SetupLoadedEditorAssemblies (287ms)
				LogAssemblyErrors (0ms)
				InitializePlatformSupportModulesInManaged (13ms)
				SetLoadedEditorAssemblies (1ms)
				RefreshPlugins (1ms)
				BeforeProcessingInitializeOnLoad (42ms)
				ProcessInitializeOnLoadAttributes (205ms)
				ProcessInitializeOnLoadMethodAttributes (19ms)
				AfterProcessingInitializeOnLoad (7ms)
				EditorAssembliesLoaded (0ms)
			ExecutionOrderSort2 (0ms)
			AwakeInstancesAfterBackupRestoration (7ms)
Platform modules already initialized, skipping
Refreshing native plugins compatible for Editor in 1.23 ms, found 2 plugins.
Preloading 0 native plugins for Editor in 0.00 ms.
Unloading 1858 Unused Serialized files (Serialized files now loaded: 0)
Unloading 13 unused Assets / (95.3 KB). Loaded Objects now: 2405.
Memory consumption went from 102.0 MB to 101.9 MB.
Total: 2.597400 ms (FindLiveObjects: 0.138300 ms CreateObjectMapping: 0.036900 ms MarkObjects: 2.384300 ms  DeleteObjects: 0.037000 ms)

AssetImportParameters requested are different than current active one (requested -> active):
  custom:video-decoder-ogg-theora: a1e56fd34408186e4bbccfd4996cb3dc -> 
  custom:container-muxer-webm: aa71ff27fc2769a1b78a27578f13a17b -> 
  custom:container-demuxer-webm: 4f35f7cbe854078d1ac9338744f61a02 -> 
  custom:video-encoder-webm-vp8: eb34c28f22e8b96e1ab97ce403110664 -> 
  custom:video-codec-MediaFoundation-h265: 746d11721c4dcdbdad8f713fa42b33f4 -> 
  custom:audio-encoder-webm-vorbis: bf7c407c2cedff20999df2af8eb42d56 -> 
  custom:framework-win-MediaFoundation: 216162199b28c13a410421893ffa2e32 -> 
  custom:container-demuxer-ogg: 62fdf1f143b41e24485cea50d1cbac27 -> 
  custom:video-decoder-webm-vp8: 9c59270c3fd7afecdb556c50c9e8de78 -> 
  custom:audio-decoder-ogg-vorbis: bf7c407c2cedff20999df2af8eb42d56 -> 
========================================================================
Received Import Request.
  Time since last request: 1373.143899 seconds.
  path: Assets/Scripts/MazeGen.cs
  artifactKey: Guid(4cfacb3939a9f9d4cba82dd3728472c2) Importer(815301076,1909f56bfc062723c751e8b465ee728b)
Start importing Assets/Scripts/MazeGen.cs using Guid(4cfacb3939a9f9d4cba82dd3728472c2) Importer(815301076,1909f56bfc062723c751e8b465ee728b)  -> (artifact id: '181f287ae40da03ad7ced851af046262') in 0.006299 seconds 
